e:\univer\os\lab1\dll\hwcalldll\debug\hwcalldll.pch
e:\univer\os\lab1\dll\hwcalldll\debug\vc141.pdb
e:\univer\os\lab1\dll\hwcalldll\debug\vc141.idb
e:\univer\os\lab1\dll\hwcalldll\debug\pch.obj
e:\univer\os\lab1\dll\hwcalldll\debug\hwcalldll.obj
e:\univer\os\lab1\part1\hwcalldll\debug\hwcalldll.pch
e:\univer\os\lab1\part1\hwcalldll\debug\vc141.pdb
e:\univer\os\lab1\part1\hwcalldll\debug\vc141.idb
e:\univer\os\lab1\part1\hwcalldll\debug\pch.obj
e:\univer\os\lab1\part1\hwcalldll\debug\hwcalldll.obj
e:\univer\os\lab1\dll\debug\hwcalldll.ilk
e:\univer\os\lab1\dll\debug\hwcalldll.exe
e:\univer\os\lab1\dll\debug\hwcalldll.pdb
e:\univer\os\lab1\part1\debug\hwcalldll.pdb
e:\univer\os\lab1\part1\hwcalldll\debug\hwcalldll.tlog\cl.command.1.tlog
e:\univer\os\lab1\part1\hwcalldll\debug\hwcalldll.tlog\cl.read.1.tlog
e:\univer\os\lab1\part1\hwcalldll\debug\hwcalldll.tlog\cl.write.1.tlog
e:\univer\os\lab1\part1\hwcalldll\debug\hwcalldll.tlog\link.command.1.tlog
e:\univer\os\lab1\part1\hwcalldll\debug\hwcalldll.tlog\link.read.1.tlog
e:\univer\os\lab1\part1\hwcalldll\debug\hwcalldll.tlog\link.write.1.tlog
