e:\univer\os\lab1\dll\dll\debug\dll.pch
e:\univer\os\lab1\dll\dll\debug\vc141.pdb
e:\univer\os\lab1\dll\dll\debug\vc141.idb
e:\univer\os\lab1\dll\dll\debug\pch.obj
e:\univer\os\lab1\dll\dll\debug\dll.obj
e:\univer\os\lab1\dll\debug\dll.lib
e:\univer\os\lab1\dll\debug\dll.exp
e:\univer\os\lab1\dll\debug\dll.dll
e:\univer\os\lab1\dll\debug\dll.ilk
e:\univer\os\lab1\dll\debug\dll.pdb
e:\univer\os\lab1\part1\dll\debug\dll.obj
e:\univer\os\lab1\part1\dll\debug\pch.obj
e:\univer\os\lab1\part1\dll\debug\dll.pch
e:\univer\os\lab1\part1\dll\debug\vc141.idb
e:\univer\os\lab1\part1\dll\debug\vc141.pdb
e:\univer\os\lab1\part1\debug\dll.pdb
e:\univer\os\lab1\part1\debug\dll.dll
e:\univer\os\lab1\part1\debug\dll.ilk
e:\univer\os\lab1\part1\dll\debug\dll.tlog\cl.command.1.tlog
e:\univer\os\lab1\part1\dll\debug\dll.tlog\cl.read.1.tlog
e:\univer\os\lab1\part1\dll\debug\dll.tlog\cl.write.1.tlog
e:\univer\os\lab1\part1\dll\debug\dll.tlog\dll.write.1u.tlog
e:\univer\os\lab1\part1\dll\debug\dll.tlog\link.command.1.tlog
e:\univer\os\lab1\part1\dll\debug\dll.tlog\link.read.1.tlog
e:\univer\os\lab1\part1\dll\debug\dll.tlog\link.write.1.tlog
