e:\univer\os\lab1\dll\hwdll\debug\hwdll.pch
e:\univer\os\lab1\dll\hwdll\debug\vc141.pdb
e:\univer\os\lab1\dll\hwdll\debug\vc141.idb
e:\univer\os\lab1\dll\hwdll\debug\pch.obj
e:\univer\os\lab1\dll\hwdll\debug\hwdll.obj
e:\univer\os\lab1\dll\hwdll\debug\dllmain.obj
e:\univer\os\lab1\part1\hwdll\debug\hwdll.pch
e:\univer\os\lab1\part1\hwdll\debug\vc141.pdb
e:\univer\os\lab1\part1\hwdll\debug\vc141.idb
e:\univer\os\lab1\dll\debug\hwdll.lib
e:\univer\os\lab1\dll\debug\hwdll.exp
e:\univer\os\lab1\dll\debug\hwdll.dll
e:\univer\os\lab1\dll\debug\hwdll.ilk
e:\univer\os\lab1\dll\debug\hwdll.pdb
e:\univer\os\lab1\part1\hwdll\debug\dllmain.obj
e:\univer\os\lab1\part1\hwdll\debug\hwdll.obj
e:\univer\os\lab1\part1\debug\hwdll.pdb
e:\univer\os\lab1\part1\debug\hwdll.dll
e:\univer\os\lab1\part1\debug\hwdll.ilk
e:\univer\os\lab1\part1\hwdll\debug\hwdll.tlog\cl.command.1.tlog
e:\univer\os\lab1\part1\hwdll\debug\hwdll.tlog\cl.read.1.tlog
e:\univer\os\lab1\part1\hwdll\debug\hwdll.tlog\cl.write.1.tlog
e:\univer\os\lab1\part1\hwdll\debug\hwdll.tlog\hwdll.write.1u.tlog
e:\univer\os\lab1\part1\hwdll\debug\hwdll.tlog\link.200.delete.1.tlog
e:\univer\os\lab1\part1\hwdll\debug\hwdll.tlog\link.3956.delete.1.tlog
e:\univer\os\lab1\part1\hwdll\debug\hwdll.tlog\link.7076.delete.1.tlog
e:\univer\os\lab1\part1\hwdll\debug\hwdll.tlog\link.command.1.tlog
e:\univer\os\lab1\part1\hwdll\debug\hwdll.tlog\link.read.1.tlog
e:\univer\os\lab1\part1\hwdll\debug\hwdll.tlog\link.write.1.tlog
