e:\univer\os\lab1\dll\calldll\debug\calldll.pch
e:\univer\os\lab1\dll\calldll\debug\vc141.pdb
e:\univer\os\lab1\dll\calldll\debug\vc141.idb
e:\univer\os\lab1\dll\calldll\debug\pch.obj
e:\univer\os\lab1\dll\calldll\debug\calldll.obj
e:\univer\os\lab1\dll\debug\calldll.ilk
e:\univer\os\lab1\dll\debug\calldll.exe
e:\univer\os\lab1\dll\debug\calldll.pdb
e:\univer\os\lab1\part1\calldll\debug\calldll.obj
e:\univer\os\lab1\part1\calldll\debug\pch.obj
e:\univer\os\lab1\part1\calldll\debug\calldll.pch
e:\univer\os\lab1\part1\calldll\debug\vc141.idb
e:\univer\os\lab1\part1\calldll\debug\vc141.pdb
e:\univer\os\lab1\part1\debug\calldll.pdb
e:\univer\os\lab1\part1\debug\calldll.exe
e:\univer\os\lab1\part1\debug\calldll.ilk
e:\univer\os\lab1\part1\calldll\debug\calldll.tlog\cl.command.1.tlog
e:\univer\os\lab1\part1\calldll\debug\calldll.tlog\cl.read.1.tlog
e:\univer\os\lab1\part1\calldll\debug\calldll.tlog\cl.write.1.tlog
e:\univer\os\lab1\part1\calldll\debug\calldll.tlog\link.command.1.tlog
e:\univer\os\lab1\part1\calldll\debug\calldll.tlog\link.read.1.tlog
e:\univer\os\lab1\part1\calldll\debug\calldll.tlog\link.write.1.tlog
